#
# There is insufficient memory for the Java Runtime Environment to continue.
# Native memory allocation (mmap) failed to map 65536 bytes for Failed to commit metaspace.
# Possible reasons:
#   The system is out of physical RAM or swap space
#   The process is running with CompressedOops enabled, and the Java Heap may be blocking the growth of the native heap
# Possible solutions:
#   Reduce memory load on the system
#   Increase physical memory or swap space
#   Check if swap backing store is full
#   Decrease Java heap size (-Xmx/-Xms)
#   Decrease number of Java threads
#   Decrease Java thread stack sizes (-Xss)
#   Set larger code cache with -XX:ReservedCodeCacheSize=
#   JVM is running with Unscaled Compressed Oops mode in which the Java heap is
#     placed in the first 4GB address space. The Java Heap base address is the
#     maximum limit for the native heap growth. Please use -XX:HeapBaseMinAddress
#     to set the Java Heap base and to place the Java Heap above 4GB virtual address.
# This output file may be truncated or incomplete.
#
#  Out of Memory Error (virtualSpaceNode.cpp:110), pid=7296, tid=2424
#
# JRE version:  (18.0.1.1+2) (build )
# Java VM: Java HotSpot(TM) 64-Bit Server VM (18.0.1.1+2-6, mixed mode, tiered, compressed oops, compressed class ptrs, g1 gc, windows-amd64)
# No core dump will be written. Minidumps are not enabled by default on client versions of Windows
#

---------------  S U M M A R Y ------------

Command Line: -XX:+ShowCodeDetailsInExceptionMessages -agentlib:jdwp=transport=dt_socket,suspend=y,address=localhost:50907 -javaagent:C:\Users\finaa\eclipse\jee-2022-06\eclipse\configuration\org.eclipse.osgi\407\0\.cp\lib\javaagent-shaded.jar -Dfile.encoding=UTF-8 Classe.ValorNulo

Host: 11th Gen Intel(R) Core(TM) i3-1115G4 @ 3.00GHz, 4 cores, 3G,  Windows 10 , 64 bit Build 19041 (10.0.19041.1889)
Time: Sun Sep 18 19:06:23 2022 Hora oficial do Brasil elapsed time: 0.081628 seconds (0d 0h 0m 0s)

---------------  T H R E A D  ---------------

Current thread (0x0000021a58923a40):  JavaThread "main" [_thread_in_vm, id=2424, stack(0x0000008b1f600000,0x0000008b1f700000)]

Stack: [0x0000008b1f600000,0x0000008b1f700000]
Native frames: (J=compiled Java code, j=interpreted, Vv=VM code, C=native code)
V  [jvm.dll+0x69887a]
V  [jvm.dll+0x7f38bd]
V  [jvm.dll+0x7f51ce]
V  [jvm.dll+0x7f5883]
V  [jvm.dll+0x25ca3f]
V  [jvm.dll+0x7ef5cb]
V  [jvm.dll+0x63ea76]
V  [jvm.dll+0x63eada]
V  [jvm.dll+0x64135e]
V  [jvm.dll+0x64121e]
V  [jvm.dll+0x63f43e]
V  [jvm.dll+0x2524a0]
V  [jvm.dll+0x202d5d]
V  [jvm.dll+0x1f8781]
V  [jvm.dll+0x55d685]
V  [jvm.dll+0x209637]
V  [jvm.dll+0x76cf6d]
V  [jvm.dll+0x76e2a6]
V  [jvm.dll+0x76e5d8]
V  [jvm.dll+0x254d46]
V  [jvm.dll+0x254f8f]
V  [jvm.dll+0x57c158]
V  [jvm.dll+0x57ef80]
V  [jvm.dll+0x3a4743]
V  [jvm.dll+0x3a3ddf]
C  0x0000021a6028614c

Java frames: (J=compiled Java code, j=interpreted, Vv=VM code)
j  java.lang.System.initPhase1()V+70 java.base
v  ~StubRoutines::call_stub

---------------  P R O C E S S  ---------------

Threads class SMR info:
_java_thread_list=0x0000021a000f2f60, length=3, elements={
0x0000021a58923a40, 0x0000021a0015f150, 0x0000021a0015fc80
}

Java Threads: ( => current thread )
=>0x0000021a58923a40 JavaThread "main" [_thread_in_vm, id=2424, stack(0x0000008b1f600000,0x0000008b1f700000)]
  0x0000021a0015f150 JavaThread "Reference Handler" daemon [_thread_blocked, id=9364, stack(0x0000008b1fd00000,0x0000008b1fe00000)]
  0x0000021a0015fc80 JavaThread "Finalizer" daemon [_thread_blocked, id=3904, stack(0x0000008b1fe00000,0x0000008b1ff00000)]

Other Threads:
  0x0000021a0014c630 VMThread "VM Thread" [stack: 0x0000008b1fc00000,0x0000008b1fd00000] [id=6240]
  0x0000021a5690c210 WorkerThread "GC Thread#0" [stack: 0x0000008b1f700000,0x0000008b1f800000] [id=10356]
  0x0000021a589688b0 ConcurrentGCThread "G1 Main Marker" [stack: 0x0000008b1f800000,0x0000008b1f900000] [id=5476]
  0x0000021a5690df50 WorkerThread "G1 Conc#0" [stack: 0x0000008b1f900000,0x0000008b1fa00000] [id=7412]
  0x0000021a58995660 ConcurrentGCThread "G1 Refine#0" [stack: 0x0000008b1fa00000,0x0000008b1fb00000] [id=6432]
  0x0000021a58995e80 ConcurrentGCThread "G1 Service" [stack: 0x0000008b1fb00000,0x0000008b1fc00000] [id=5008]

Threads with active compile tasks:

VM state: not at safepoint (normal execution)

VM Mutex/Monitor currently owned by a thread:  ([mutex/lock_event])
[0x0000021a5891e2b0] Metaspace_lock - owner thread: 0x0000021a58923a40

Heap address: 0x00000000c4400000, size: 956 MB, Compressed Oops mode: 32-bit

CDS archive(s) not mapped
Compressed class space mapped at: 0x0000000100000000-0x0000000140000000, reserved size: 1073741824
Narrow klass base: 0x0000000000000000, Narrow klass shift: 3, Narrow klass range: 0x140000000

GC Precious Log:
 CardTable entry size: 512
 Card Set container configuration: InlinePtr #cards 5 size 8 Array Of Cards #cards 12 size 40 Howl #buckets 4 coarsen threshold 1843 Howl Bitmap #cards 512 size 80 coarsen threshold 460 Card regions per heap region 1 cards per card region 2048
 CPUs: 4 total, 4 available
 Memory: 3819M
 Large Page Support: Disabled
 NUMA Support: Disabled
 Compressed Oops: Enabled (32-bit)
 Heap Region Size: 1M
 Heap Min Capacity: 8M
 Heap Initial Capacity: 60M
 Heap Max Capacity: 956M
 Pre-touch: Disabled
 Parallel Workers: 4
 Concurrent Workers: 1
 Concurrent Refinement Workers: 4
 Periodic GC: Disabled

Heap:
 garbage-first heap   total 61440K, used 0K [0x00000000c4400000, 0x0000000100000000)
  region size 1024K, 1 young (1024K), 0 survivors (0K)
 Metaspace       used 2149K, committed 2176K, reserved 1114112K
  class space    used 166K, committed 192K, reserved 1048576K

Heap Regions: E=young(eden), S=young(survivor), O=old, HS=humongous(starts), HC=humongous(continues), CS=collection set, F=free, OA=open archive, CA=closed archive, TAMS=top-at-mark-start (previous, next)
|   0|0x00000000c4400000, 0x00000000c4400000, 0x00000000c4500000|  0%| F|  |TAMS 0x00000000c4400000, 0x00000000c4400000| Untracked 
|   1|0x00000000c4500000, 0x00000000c4500000, 0x00000000c4600000|  0%| F|  |TAMS 0x00000000c4500000, 0x00000000c4500000| Untracked 
|   2|0x00000000c4600000, 0x00000000c4600000, 0x00000000c4700000|  0%| F|  |TAMS 0x00000000c4600000, 0x00000000c4600000| Untracked 
|   3|0x00000000c4700000, 0x00000000c4700000, 0x00000000c4800000|  0%| F|  |TAMS 0x00000000c4700000, 0x00000000c4700000| Untracked 
|   4|0x00000000c4800000, 0x00000000c4800000, 0x00000000c4900000|  0%| F|  |TAMS 0x00000000c4800000, 0x00000000c4800000| Untracked 
|   5|0x00000000c4900000, 0x00000000c4900000, 0x00000000c4a00000|  0%| F|  |TAMS 0x00000000c4900000, 0x00000000c4900000| Untracked 
|   6|0x00000000c4a00000, 0x00000000c4a00000, 0x00000000c4b00000|  0%| F|  |TAMS 0x00000000c4a00000, 0x00000000c4a00000| Untracked 
|   7|0x00000000c4b00000, 0x00000000c4b00000, 0x00000000c4c00000|  0%| F|  |TAMS 0x00000000c4b00000, 0x00000000c4b00000| Untracked 
|   8|0x00000000c4c00000, 0x00000000c4c00000, 0x00000000c4d00000|  0%| F|  |TAMS 0x00000000c4c00000, 0x00000000c4c00000| Untracked 
|   9|0x00000000c4d00000, 0x00000000c4d00000, 0x00000000c4e00000|  0%| F|  |TAMS 0x00000000c4d00000, 0x00000000c4d00000| Untracked 
|  10|0x00000000c4e00000, 0x00000000c4e00000, 0x00000000c4f00000|  0%| F|  |TAMS 0x00000000c4e00000, 0x00000000c4e00000| Untracked 
|  11|0x00000000c4f00000, 0x00000000c4f00000, 0x00000000c5000000|  0%| F|  |TAMS 0x00000000c4f00000, 0x00000000c4f00000| Untracked 
|  12|0x00000000c5000000, 0x00000000c5000000, 0x00000000c5100000|  0%| F|  |TAMS 0x00000000c5000000, 0x00000000c5000000| Untracked 
|  13|0x00000000c5100000, 0x00000000c5100000, 0x00000000c5200000|  0%| F|  |TAMS 0x00000000c5100000, 0x00000000c5100000| Untracked 
|  14|0x00000000c5200000, 0x00000000c5200000, 0x00000000c5300000|  0%| F|  |TAMS 0x00000000c5200000, 0x00000000c5200000| Untracked 
|  15|0x00000000c5300000, 0x00000000c5300000, 0x00000000c5400000|  0%| F|  |TAMS 0x00000000c5300000, 0x00000000c5300000| Untracked 
|  16|0x00000000c5400000, 0x00000000c5400000, 0x00000000c5500000|  0%| F|  |TAMS 0x00000000c5400000, 0x00000000c5400000| Untracked 
|  17|0x00000000c5500000, 0x00000000c5500000, 0x00000000c5600000|  0%| F|  |TAMS 0x00000000c5500000, 0x00000000c5500000| Untracked 
|  18|0x00000000c5600000, 0x00000000c5600000, 0x00000000c5700000|  0%| F|  |TAMS 0x00000000c5600000, 0x00000000c5600000| Untracked 
|  19|0x00000000c5700000, 0x00000000c5700000, 0x00000000c5800000|  0%| F|  |TAMS 0x00000000c5700000, 0x00000000c5700000| Untracked 
|  20|0x00000000c5800000, 0x00000000c5800000, 0x00000000c5900000|  0%| F|  |TAMS 0x00000000c5800000, 0x00000000c5800000| Untracked 
|  21|0x00000000c5900000, 0x00000000c5900000, 0x00000000c5a00000|  0%| F|  |TAMS 0x00000000c5900000, 0x00000000c5900000| Untracked 
|  22|0x00000000c5a00000, 0x00000000c5a00000, 0x00000000c5b00000|  0%| F|  |TAMS 0x00000000c5a00000, 0x00000000c5a00000| Untracked 
|  23|0x00000000c5b00000, 0x00000000c5b00000, 0x00000000c5c00000|  0%| F|  |TAMS 0x00000000c5b00000, 0x00000000c5b00000| Untracked 
|  24|0x00000000c5c00000, 0x00000000c5c00000, 0x00000000c5d00000|  0%| F|  |TAMS 0x00000000c5c00000, 0x00000000c5c00000| Untracked 
|  25|0x00000000c5d00000, 0x00000000c5d00000, 0x00000000c5e00000|  0%| F|  |TAMS 0x00000000c5d00000, 0x00000000c5d00000| Untracked 
|  26|0x00000000c5e00000, 0x00000000c5e00000, 0x00000000c5f00000|  0%| F|  |TAMS 0x00000000c5e00000, 0x00000000c5e00000| Untracked 
|  27|0x00000000c5f00000, 0x00000000c5f00000, 0x00000000c6000000|  0%| F|  |TAMS 0x00000000c5f00000, 0x00000000c5f00000| Untracked 
|  28|0x00000000c6000000, 0x00000000c6000000, 0x00000000c6100000|  0%| F|  |TAMS 0x00000000c6000000, 0x00000000c6000000| Untracked 
|  29|0x00000000c6100000, 0x00000000c6100000, 0x00000000c6200000|  0%| F|  |TAMS 0x00000000c6100000, 0x00000000c6100000| Untracked 
|  30|0x00000000c6200000, 0x00000000c6200000, 0x00000000c6300000|  0%| F|  |TAMS 0x00000000c6200000, 0x00000000c6200000| Untracked 
|  31|0x00000000c6300000, 0x00000000c6300000, 0x00000000c6400000|  0%| F|  |TAMS 0x00000000c6300000, 0x00000000c6300000| Untracked 
|  32|0x00000000c6400000, 0x00000000c6400000, 0x00000000c6500000|  0%| F|  |TAMS 0x00000000c6400000, 0x00000000c6400000| Untracked 
|  33|0x00000000c6500000, 0x00000000c6500000, 0x00000000c6600000|  0%| F|  |TAMS 0x00000000c6500000, 0x00000000c6500000| Untracked 
|  34|0x00000000c6600000, 0x00000000c6600000, 0x00000000c6700000|  0%| F|  |TAMS 0x00000000c6600000, 0x00000000c6600000| Untracked 
|  35|0x00000000c6700000, 0x00000000c6700000, 0x00000000c6800000|  0%| F|  |TAMS 0x00000000c6700000, 0x00000000c6700000| Untracked 
|  36|0x00000000c6800000, 0x00000000c6800000, 0x00000000c6900000|  0%| F|  |TAMS 0x00000000c6800000, 0x00000000c6800000| Untracked 
|  37|0x00000000c6900000, 0x00000000c6900000, 0x00000000c6a00000|  0%| F|  |TAMS 0x00000000c6900000, 0x00000000c6900000| Untracked 
|  38|0x00000000c6a00000, 0x00000000c6a00000, 0x00000000c6b00000|  0%| F|  |TAMS 0x00000000c6a00000, 0x00000000c6a00000| Untracked 
|  39|0x00000000c6b00000, 0x00000000c6b00000, 0x00000000c6c00000|  0%| F|  |TAMS 0x00000000c6b00000, 0x00000000c6b00000| Untracked 
|  40|0x00000000c6c00000, 0x00000000c6c00000, 0x00000000c6d00000|  0%| F|  |TAMS 0x00000000c6c00000, 0x00000000c6c00000| Untracked 
|  41|0x00000000c6d00000, 0x00000000c6d00000, 0x00000000c6e00000|  0%| F|  |TAMS 0x00000000c6d00000, 0x00000000c6d00000| Untracked 
|  42|0x00000000c6e00000, 0x00000000c6e00000, 0x00000000c6f00000|  0%| F|  |TAMS 0x00000000c6e00000, 0x00000000c6e00000| Untracked 
|  43|0x00000000c6f00000, 0x00000000c6f00000, 0x00000000c7000000|  0%| F|  |TAMS 0x00000000c6f00000, 0x00000000c6f00000| Untracked 
|  44|0x00000000c7000000, 0x00000000c7000000, 0x00000000c7100000|  0%| F|  |TAMS 0x00000000c7000000, 0x00000000c7000000| Untracked 
|  45|0x00000000c7100000, 0x00000000c7100000, 0x00000000c7200000|  0%| F|  |TAMS 0x00000000c7100000, 0x00000000c7100000| Untracked 
|  46|0x00000000c7200000, 0x00000000c7200000, 0x00000000c7300000|  0%| F|  |TAMS 0x00000000c7200000, 0x00000000c7200000| Untracked 
|  47|0x00000000c7300000, 0x00000000c7300000, 0x00000000c7400000|  0%| F|  |TAMS 0x00000000c7300000, 0x00000000c7300000| Untracked 
|  48|0x00000000c7400000, 0x00000000c7400000, 0x00000000c7500000|  0%| F|  |TAMS 0x00000000c7400000, 0x00000000c7400000| Untracked 
|  49|0x00000000c7500000, 0x00000000c7500000, 0x00000000c7600000|  0%| F|  |TAMS 0x00000000c7500000, 0x00000000c7500000| Untracked 
|  50|0x00000000c7600000, 0x00000000c7600000, 0x00000000c7700000|  0%| F|  |TAMS 0x00000000c7600000, 0x00000000c7600000| Untracked 
|  51|0x00000000c7700000, 0x00000000c7700000, 0x00000000c7800000|  0%| F|  |TAMS 0x00000000c7700000, 0x00000000c7700000| Untracked 
|  52|0x00000000c7800000, 0x00000000c7800000, 0x00000000c7900000|  0%| F|  |TAMS 0x00000000c7800000, 0x00000000c7800000| Untracked 
|  53|0x00000000c7900000, 0x00000000c7900000, 0x00000000c7a00000|  0%| F|  |TAMS 0x00000000c7900000, 0x00000000c7900000| Untracked 
|  54|0x00000000c7a00000, 0x00000000c7a00000, 0x00000000c7b00000|  0%| F|  |TAMS 0x00000000c7a00000, 0x00000000c7a00000| Untracked 
|  55|0x00000000c7b00000, 0x00000000c7b00000, 0x00000000c7c00000|  0%| F|  |TAMS 0x00000000c7b00000, 0x00000000c7b00000| Untracked 
|  56|0x00000000c7c00000, 0x00000000c7c00000, 0x00000000c7d00000|  0%| F|  |TAMS 0x00000000c7c00000, 0x00000000c7c00000| Untracked 
|  57|0x00000000c7d00000, 0x00000000c7d00000, 0x00000000c7e00000|  0%| F|  |TAMS 0x00000000c7d00000, 0x00000000c7d00000| Untracked 
|  58|0x00000000c7e00000, 0x00000000c7e00000, 0x00000000c7f00000|  0%| F|  |TAMS 0x00000000c7e00000, 0x00000000c7e00000| Untracked 
|  59|0x00000000c7f00000, 0x00000000c7f85318, 0x00000000c8000000| 52%| E|  |TAMS 0x00000000c7f00000, 0x00000000c7f00000| Complete 

Card table byte_map: [0x0000021a6f440000,0x0000021a6f620000] _byte_map_base: 0x0000021a6ee1e000

Marking Bits (Prev, Next): (CMBitMap*) 0x0000021a5690d630, (CMBitMap*) 0x0000021a5690d670
 Prev Bits: [0x0000021a6f800000, 0x0000021a706f0000)
 Next Bits: [0x0000021a706f0000, 0x0000021a715e0000)

Polling page: 0x0000021a580f0000

Metaspace:

Usage:
  Non-class:      1.94 MB used.
      Class:    166.73 KB used.
       Both:      2.10 MB used.

Virtual space:
  Non-class space:       64.00 MB reserved,       1.94 MB (  3%) committed,  1 nodes.
      Class space:        1.00 GB reserved,     192.00 KB ( <1%) committed,  1 nodes.
             Both:        1.06 GB reserved,       2.12 MB ( <1%) committed. 

Chunk freelists:
   Non-Class:  0 bytes
       Class:  3.75 MB
        Both:  3.75 MB

MaxMetaspaceSize: unlimited
CompressedClassSpaceSize: 1.00 GB
Initial GC threshold: 21.00 MB
Current GC threshold: 17179869184.00 GB
CDS: off
MetaspaceReclaimPolicy: balanced
 - commit_granule_bytes: 65536.
 - commit_granule_words: 8192.
 - virtual_space_node_default_size: 8388608.
 - enlarge_chunks_in_place: 1.
 - new_chunks_are_fully_committed: 0.
 - uncommit_free_chunks: 1.
 - use_allocation_guard: 0.


Internal statistics:

num_allocs_failed_limit: 0.
num_arena_births: 2.
num_arena_deaths: 0.
num_vsnodes_births: 2.
num_vsnodes_deaths: 0.
num_space_committed: 34.
num_space_uncommitted: 0.
num_chunks_returned_to_freelist: 0.
num_chunks_taken_from_freelist: 3.
num_chunk_merges: 0.
num_chunk_splits: 1.
num_chunks_enlarged: 0.
num_inconsistent_stats: 0.

CodeHeap 'non-profiled nmethods': size=120000Kb used=0Kb max_used=0Kb free=120000Kb
 bounds [0x0000021a67d30000, 0x0000021a67fa0000, 0x0000021a6f260000]
CodeHeap 'profiled nmethods': size=120000Kb used=0Kb max_used=0Kb free=120000Kb
 bounds [0x0000021a60800000, 0x0000021a60a70000, 0x0000021a67d30000]
CodeHeap 'non-nmethods': size=5760Kb used=456Kb max_used=456Kb free=5304Kb
 bounds [0x0000021a60260000, 0x0000021a604d0000, 0x0000021a60800000]
 total_blobs=160 nmethods=0 adapters=133
 compilation: enabled
              stopped_count=0, restarted_count=0
 full_count=0

Compilation events (0 events):
No events

GC Heap History (0 events):
No events

Deoptimization events (0 events):
No events

Classes loaded (20 events):
Event: 0.078 Loading class sun/nio/cs/StandardCharsets$Classes done
Event: 0.078 Loading class jdk/internal/util/ArraysSupport
Event: 0.078 Loading class jdk/internal/util/ArraysSupport done
Event: 0.078 Loading class sun/nio/cs/MS1252
Event: 0.078 Loading class sun/nio/cs/MS1252 done
Event: 0.078 Loading class java/lang/Class$ReflectionData
Event: 0.078 Loading class java/lang/Class$ReflectionData done
Event: 0.078 Loading class java/lang/Class$Atomic
Event: 0.078 Loading class java/lang/Class$Atomic done
Event: 0.078 Loading class java/lang/Class$1
Event: 0.078 Loading class java/lang/Class$1 done
Event: 0.078 Loading class java/lang/reflect/Modifier
Event: 0.078 Loading class java/lang/reflect/Modifier done
Event: 0.078 Loading class jdk/internal/reflect/MethodHandleAccessorFactory
Event: 0.078 Loading class jdk/internal/reflect/MethodHandleAccessorFactory done
Event: 0.078 Loading class jdk/internal/reflect/DirectConstructorHandleAccessor
Event: 0.079 Loading class jdk/internal/reflect/DirectConstructorHandleAccessor done
Event: 0.079 Loading class jdk/internal/reflect/DirectConstructorHandleAccessor$NativeAccessor
Event: 0.079 Loading class jdk/internal/reflect/DirectConstructorHandleAccessor$NativeAccessor done
Event: 0.079 Loading class jdk/internal/util/StaticProperty

Classes unloaded (0 events):
No events

Classes redefined (0 events):
No events

Internal exceptions (0 events):
No events

VM Operations (0 events):
No events

Events (5 events):
Event: 0.008 Loaded shared library C:\Program Files\Java\jdk-18.0.1.1\bin\java.dll
Event: 0.054 Loaded shared library C:\Program Files\Java\jdk-18.0.1.1\bin\jsvml.dll
Event: 0.054 Thread 0x0000021a58923a40 Thread added: 0x0000021a58923a40
Event: 0.062 Thread 0x0000021a0015f150 Thread added: 0x0000021a0015f150
Event: 0.062 Thread 0x0000021a0015fc80 Thread added: 0x0000021a0015fc80


Dynamic libraries:
0x00007ff639100000 - 0x00007ff639110000 	C:\Program Files\Java\jdk-18.0.1.1\bin\javaw.exe
0x00007fff272b0000 - 0x00007fff274a8000 	C:\Windows\SYSTEM32\ntdll.dll
0x00007fff27020000 - 0x00007fff270dd000 	C:\Windows\System32\KERNEL32.DLL
0x00007fff24c50000 - 0x00007fff24f1e000 	C:\Windows\System32\KERNELBASE.dll
0x00007fff24b50000 - 0x00007fff24c50000 	C:\Windows\System32\ucrtbase.dll
0x00007fff05390000 - 0x00007fff053a8000 	C:\Program Files\Java\jdk-18.0.1.1\bin\jli.dll
0x00007fff05370000 - 0x00007fff0538a000 	C:\Program Files\Java\jdk-18.0.1.1\bin\VCRUNTIME140.dll
0x00007fff25bf0000 - 0x00007fff25c9e000 	C:\Windows\System32\ADVAPI32.dll
0x00007fff26a00000 - 0x00007fff26a9e000 	C:\Windows\System32\msvcrt.dll
0x00007fff25b40000 - 0x00007fff25bdc000 	C:\Windows\System32\sechost.dll
0x00007fff262f0000 - 0x00007fff26415000 	C:\Windows\System32\RPCRT4.dll
0x00007fff26c60000 - 0x00007fff26e00000 	C:\Windows\System32\USER32.dll
0x00007fff12f30000 - 0x00007fff131ca000 	C:\Windows\WinSxS\amd64_microsoft.windows.common-controls_6595b64144ccf1df_6.0.19041.1110_none_60b5254171f9507e\COMCTL32.dll
0x00007fff25200000 - 0x00007fff25222000 	C:\Windows\System32\win32u.dll
0x00007fff25b10000 - 0x00007fff25b3a000 	C:\Windows\System32\GDI32.dll
0x00007fff24f20000 - 0x00007fff2502b000 	C:\Windows\System32\gdi32full.dll
0x00007fff24a80000 - 0x00007fff24b1d000 	C:\Windows\System32\msvcp_win.dll
0x00007fff190f0000 - 0x00007fff190fa000 	C:\Windows\SYSTEM32\VERSION.dll
0x00007fff25d50000 - 0x00007fff25d80000 	C:\Windows\System32\IMM32.DLL
0x00007fff12b10000 - 0x00007fff12b1c000 	C:\Program Files\Java\jdk-18.0.1.1\bin\vcruntime140_1.dll
0x00007ffefaba0000 - 0x00007ffefac2d000 	C:\Program Files\Java\jdk-18.0.1.1\bin\msvcp140.dll
0x00007ffee20a0000 - 0x00007ffee2cb0000 	C:\Program Files\Java\jdk-18.0.1.1\bin\server\jvm.dll
0x00007fff26490000 - 0x00007fff26498000 	C:\Windows\System32\PSAPI.DLL
0x00007fff1b730000 - 0x00007fff1b739000 	C:\Windows\SYSTEM32\WSOCK32.dll
0x00007fff0b3e0000 - 0x00007fff0b407000 	C:\Windows\SYSTEM32\WINMM.dll
0x00007fff26420000 - 0x00007fff2648b000 	C:\Windows\System32\WS2_32.dll
0x00007fff23250000 - 0x00007fff23262000 	C:\Windows\SYSTEM32\kernel.appcore.dll
0x00007fff1a050000 - 0x00007fff1a05a000 	C:\Program Files\Java\jdk-18.0.1.1\bin\jimage.dll
0x00007fff227d0000 - 0x00007fff229b4000 	C:\Windows\SYSTEM32\DBGHELP.DLL
0x00007fff11bd0000 - 0x00007fff11bfc000 	C:\Windows\SYSTEM32\dbgcore.DLL
0x00007fff25230000 - 0x00007fff252b2000 	C:\Windows\System32\bcryptPrimitives.dll
0x00007fff020a0000 - 0x00007fff020db000 	C:\Program Files\Java\jdk-18.0.1.1\bin\jdwp.dll
0x00007fff11da0000 - 0x00007fff11dae000 	C:\Program Files\Java\jdk-18.0.1.1\bin\instrument.dll
0x00007fff1a020000 - 0x00007fff1a045000 	C:\Program Files\Java\jdk-18.0.1.1\bin\java.dll
0x00007fff19f40000 - 0x00007fff1a016000 	C:\Program Files\Java\jdk-18.0.1.1\bin\jsvml.dll
0x00007fff25310000 - 0x00007fff25a53000 	C:\Windows\System32\SHELL32.dll

dbghelp: loaded successfully - version: 4.0.5 - missing functions: none
symbol engine: initialized successfully - sym options: 0x614 - pdb path: .;C:\Program Files\Java\jdk-18.0.1.1\bin;C:\Windows\SYSTEM32;C:\Windows\WinSxS\amd64_microsoft.windows.common-controls_6595b64144ccf1df_6.0.19041.1110_none_60b5254171f9507e;C:\Program Files\Java\jdk-18.0.1.1\bin\server

VM Arguments:
jvm_args: -XX:+ShowCodeDetailsInExceptionMessages -agentlib:jdwp=transport=dt_socket,suspend=y,address=localhost:50907 -javaagent:C:\Users\finaa\eclipse\jee-2022-06\eclipse\configuration\org.eclipse.osgi\407\0\.cp\lib\javaagent-shaded.jar -Dfile.encoding=UTF-8 
java_command: Classe.ValorNulo
java_class_path (initial): C:\Users\finaa\eclipse-workspace\exercicios\bin
Launcher Type: SUN_STANDARD

[Global flags]
     intx CICompilerCount                          = 3                                         {product} {ergonomic}
     uint ConcGCThreads                            = 1                                         {product} {ergonomic}
     uint G1ConcRefinementThreads                  = 4                                         {product} {ergonomic}
   size_t G1HeapRegionSize                         = 1048576                                   {product} {ergonomic}
    uintx GCDrainStackTargetSize                   = 64                                        {product} {ergonomic}
   size_t InitialHeapSize                          = 62914560                                  {product} {ergonomic}
   size_t MarkStackSize                            = 4194304                                   {product} {ergonomic}
   size_t MaxHeapSize                              = 1002438656                                {product} {ergonomic}
   size_t MaxNewSize                               = 600834048                                 {product} {ergonomic}
   size_t MinHeapDeltaBytes                        = 1048576                                   {product} {ergonomic}
   size_t MinHeapSize                              = 8388608                                   {product} {ergonomic}
    uintx NonNMethodCodeHeapSize                   = 5832780                                {pd product} {ergonomic}
    uintx NonProfiledCodeHeapSize                  = 122912730                              {pd product} {ergonomic}
    uintx ProfiledCodeHeapSize                     = 122912730                              {pd product} {ergonomic}
    uintx ReservedCodeCacheSize                    = 251658240                              {pd product} {ergonomic}
     bool SegmentedCodeCache                       = true                                      {product} {ergonomic}
     bool ShowCodeDetailsInExceptionMessages       = true                                   {manageable} {command line}
   size_t SoftMaxHeapSize                          = 1002438656                             {manageable} {ergonomic}
     bool UseCompressedClassPointers               = true                           {product lp64_product} {ergonomic}
     bool UseCompressedOops                        = true                           {product lp64_product} {ergonomic}
     bool UseG1GC                                  = true                                      {product} {ergonomic}
     bool UseLargePagesIndividualAllocation        = false                                  {pd product} {ergonomic}

Logging:
Log output configuration:
 #0: stdout all=warning uptime,level,tags foldmultilines=false
 #1: stderr all=off uptime,level,tags foldmultilines=false

Environment Variables:
PATH=C:/Program Files/Java/jdk-18.0.1.1/bin/server;C:/Program Files/Java/jdk-18.0.1.1/bin;C:\Program Files\Microsoft\jdk-11.0.12.7-hotspot\bin;C:\Program Files\Common Files\Oracle\Java\javapath;C:\Windows\system32;C:\Windows;C:\Windows\System32\Wbem;C:\Windows\System32\WindowsPowerShell\v1.0\;C:\Windows\System32\OpenSSH\;C:\Program Files\dotnet\;C:\Users\finaa\AppData\Local\Microsoft\WindowsApps;C:\Users\finaa\.dotnet\tools;C:\Users\finaa\OneDrive\Área de Trabalho;
USERNAME=finaa
OS=Windows_NT
PROCESSOR_IDENTIFIER=Intel64 Family 6 Model 140 Stepping 1, GenuineIntel



---------------  S Y S T E M  ---------------

OS:
 Windows 10 , 64 bit Build 19041 (10.0.19041.1889)
OS uptime: 0 days 3:19 hours

CPU: total 4 (initial active 4) (2 cores per cpu, 2 threads per core) family 6 model 140 stepping 1 microcode 0x8a, cx8, cmov, fxsr, ht, mmx, 3dnowpref, sse, sse2, sse3, ssse3, sse4.1, sse4.2, popcnt, lzcnt, tsc, tscinvbit, avx, avx2, aes, erms, clmul, bmi1, bmi2, adx, avx512f, avx512dq, avx512cd, avx512bw, avx512vl, sha, fma, vzeroupper, avx512_vpopcntdq, avx512_vpclmulqdq, avx512_vaes, avx512_vnni, clflush, clflushopt, clwb, avx512_vbmi2, avx512_vbmi

Memory: 4k page, system-wide physical 3819M (323M free)
TotalPageFile size 6819M (AvailPageFile size 3M)
current process WorkingSet (physical memory assigned to process): 18M, peak: 18M
current process commit charge ("private bytes"): 118M, peak: 118M

vm_info: Java HotSpot(TM) 64-Bit Server VM (18.0.1.1+2-6) for windows-amd64 JRE (18.0.1.1+2-6), built on Apr 25 2022 21:53:15 by "mach5one" with MS VC++ 16.8 / 16.9 (VS2019)

END.
