#
# There is insufficient memory for the Java Runtime Environment to continue.
# Native memory allocation (malloc) failed to allocate 1048576 bytes for AllocateHeap
# Possible reasons:
#   The system is out of physical RAM or swap space
#   The process is running with CompressedOops enabled, and the Java Heap may be blocking the growth of the native heap
# Possible solutions:
#   Reduce memory load on the system
#   Increase physical memory or swap space
#   Check if swap backing store is full
#   Decrease Java heap size (-Xmx/-Xms)
#   Decrease number of Java threads
#   Decrease Java thread stack sizes (-Xss)
#   Set larger code cache with -XX:ReservedCodeCacheSize=
#   JVM is running with Unscaled Compressed Oops mode in which the Java heap is
#     placed in the first 4GB address space. The Java Heap base address is the
#     maximum limit for the native heap growth. Please use -XX:HeapBaseMinAddress
#     to set the Java Heap base and to place the Java Heap above 4GB virtual address.
# This output file may be truncated or incomplete.
#
#  Out of Memory Error (allocation.cpp:44), pid=6676, tid=11640
#
# JRE version:  (18.0.1.1+2) (build )
# Java VM: Java HotSpot(TM) 64-Bit Server VM (18.0.1.1+2-6, mixed mode, sharing, tiered, compressed oops, compressed class ptrs, g1 gc, windows-amd64)
# No core dump will be written. Minidumps are not enabled by default on client versions of Windows
#

---------------  S U M M A R Y ------------

Command Line: -XX:+ShowCodeDetailsInExceptionMessages -agentlib:jdwp=transport=dt_socket,suspend=y,address=localhost:50887 -javaagent:C:\Users\finaa\eclipse\jee-2022-06\eclipse\configuration\org.eclipse.osgi\407\0\.cp\lib\javaagent-shaded.jar -Dfile.encoding=UTF-8 Classe.ValorNulo

Host: 11th Gen Intel(R) Core(TM) i3-1115G4 @ 3.00GHz, 4 cores, 3G,  Windows 10 , 64 bit Build 19041 (10.0.19041.1889)
Time: Sun Sep 18 19:05:12 2022 Hora oficial do Brasil elapsed time: 0.013775 seconds (0d 0h 0m 0s)

---------------  T H R E A D  ---------------

Current thread (0x000001951c31f020):  JavaThread "Unknown thread" [_thread_in_vm, id=11640, stack(0x0000004a9ff00000,0x0000004aa0000000)]

Stack: [0x0000004a9ff00000,0x0000004aa0000000]
Native frames: (J=compiled Java code, j=interpreted, Vv=VM code, C=native code)
V  [jvm.dll+0x69887a]
V  [jvm.dll+0x7f38bd]
V  [jvm.dll+0x7f51ce]
V  [jvm.dll+0x7f5883]
V  [jvm.dll+0x25ca3f]
V  [jvm.dll+0xb31af]
V  [jvm.dll+0x3025b9]
V  [jvm.dll+0x2facb3]
V  [jvm.dll+0x7c24f0]
V  [jvm.dll+0x38b801]
V  [jvm.dll+0x7a1203]
V  [jvm.dll+0x40d6bf]
V  [jvm.dll+0x40f091]
C  [jli.dll+0x526b]
C  [ucrtbase.dll+0x21bb2]
C  [KERNEL32.DLL+0x17034]
C  [ntdll.dll+0x526a1]


---------------  P R O C E S S  ---------------

Threads class SMR info:
_java_thread_list=0x00007ffee2b7d550, length=0, elements={
}

Java Threads: ( => current thread )

Other Threads:
  0x000001951c35e5e0 WorkerThread "GC Thread#0" [stack: 0x0000004aa0000000,0x0000004aa0100000] [id=6368]

[error occurred during error reporting (printing all threads), id 0xc0000005, EXCEPTION_ACCESS_VIOLATION (0xc0000005) at pc=0x00007ffee23a77e0]

VM state: not at safepoint (not fully initialized)

VM Mutex/Monitor currently owned by a thread:  ([mutex/lock_event])
[0x000001951c31c220] Heap_lock - owner thread: 0x000001951c31f020

Heap address: 0x00000000c4400000, size: 956 MB, Compressed Oops mode: 32-bit

CDS archive(s) mapped at: [0x0000000000000000-0x0000000000000000-0x0000000000000000), size 0, SharedBaseAddress: 0x0000000800000000, ArchiveRelocationMode: 0.
Narrow klass base: 0x0000000000000000, Narrow klass shift: 0, Narrow klass range: 0x0

GC Precious Log:
 CardTable entry size: 512
 Card Set container configuration: InlinePtr #cards 5 size 8 Array Of Cards #cards 12 size 40 Howl #buckets 4 coarsen threshold 1843 Howl Bitmap #cards 512 size 80 coarsen threshold 460 Card regions per heap region 1 cards per card region 2048

Heap:
 garbage-first heap   total 0K, used 0K [0x00000000c4400000, 0x0000000100000000)
  region size 1024K, 0 young (0K), 0 survivors (0K)

[error occurred during error reporting (printing heap information), id 0xc0000005, EXCEPTION_ACCESS_VIOLATION (0xc0000005) at pc=0x00007ffee2790cb9]

GC Heap History (0 events):
No events

Deoptimization events (0 events):
No events

Classes loaded (0 events):
No events

Classes unloaded (0 events):
No events

Classes redefined (0 events):
No events

Internal exceptions (0 events):
No events

VM Operations (0 events):
No events

Events (1 events):
Event: 0.009 Loaded shared library C:\Program Files\Java\jdk-18.0.1.1\bin\java.dll


Dynamic libraries:
0x00007ff639100000 - 0x00007ff639110000 	C:\Program Files\Java\jdk-18.0.1.1\bin\javaw.exe
0x00007fff272b0000 - 0x00007fff274a8000 	C:\Windows\SYSTEM32\ntdll.dll
0x00007fff27020000 - 0x00007fff270dd000 	C:\Windows\System32\KERNEL32.DLL
0x00007fff24c50000 - 0x00007fff24f1e000 	C:\Windows\System32\KERNELBASE.dll
0x00007fff24b50000 - 0x00007fff24c50000 	C:\Windows\System32\ucrtbase.dll
0x00007fff05370000 - 0x00007fff0538a000 	C:\Program Files\Java\jdk-18.0.1.1\bin\VCRUNTIME140.dll
0x00007fff05390000 - 0x00007fff053a8000 	C:\Program Files\Java\jdk-18.0.1.1\bin\jli.dll
0x00007fff25bf0000 - 0x00007fff25c9e000 	C:\Windows\System32\ADVAPI32.dll
0x00007fff26a00000 - 0x00007fff26a9e000 	C:\Windows\System32\msvcrt.dll
0x00007fff25b40000 - 0x00007fff25bdc000 	C:\Windows\System32\sechost.dll
0x00007fff262f0000 - 0x00007fff26415000 	C:\Windows\System32\RPCRT4.dll
0x00007fff26c60000 - 0x00007fff26e00000 	C:\Windows\System32\USER32.dll
0x00007fff25200000 - 0x00007fff25222000 	C:\Windows\System32\win32u.dll
0x00007fff25b10000 - 0x00007fff25b3a000 	C:\Windows\System32\GDI32.dll
0x00007fff24f20000 - 0x00007fff2502b000 	C:\Windows\System32\gdi32full.dll
0x00007fff24a80000 - 0x00007fff24b1d000 	C:\Windows\System32\msvcp_win.dll
0x00007fff12f30000 - 0x00007fff131ca000 	C:\Windows\WinSxS\amd64_microsoft.windows.common-controls_6595b64144ccf1df_6.0.19041.1110_none_60b5254171f9507e\COMCTL32.dll
0x00007fff190f0000 - 0x00007fff190fa000 	C:\Windows\SYSTEM32\VERSION.dll
0x00007fff25d50000 - 0x00007fff25d80000 	C:\Windows\System32\IMM32.DLL
0x00007fff12b10000 - 0x00007fff12b1c000 	C:\Program Files\Java\jdk-18.0.1.1\bin\vcruntime140_1.dll
0x00007ffefaba0000 - 0x00007ffefac2d000 	C:\Program Files\Java\jdk-18.0.1.1\bin\msvcp140.dll
0x00007ffee20a0000 - 0x00007ffee2cb0000 	C:\Program Files\Java\jdk-18.0.1.1\bin\server\jvm.dll
0x00007fff26490000 - 0x00007fff26498000 	C:\Windows\System32\PSAPI.DLL
0x00007fff1b730000 - 0x00007fff1b739000 	C:\Windows\SYSTEM32\WSOCK32.dll
0x00007fff26420000 - 0x00007fff2648b000 	C:\Windows\System32\WS2_32.dll
0x00007fff0b3e0000 - 0x00007fff0b407000 	C:\Windows\SYSTEM32\WINMM.dll
0x00007fff23250000 - 0x00007fff23262000 	C:\Windows\SYSTEM32\kernel.appcore.dll
0x00007fff1a050000 - 0x00007fff1a05a000 	C:\Program Files\Java\jdk-18.0.1.1\bin\jimage.dll
0x00007fff227d0000 - 0x00007fff229b4000 	C:\Windows\SYSTEM32\DBGHELP.DLL
0x00007fff11bd0000 - 0x00007fff11bfc000 	C:\Windows\SYSTEM32\dbgcore.DLL
0x00007fff25230000 - 0x00007fff252b2000 	C:\Windows\System32\bcryptPrimitives.dll
0x00007fff020a0000 - 0x00007fff020db000 	C:\Program Files\Java\jdk-18.0.1.1\bin\jdwp.dll
0x00007fff11da0000 - 0x00007fff11dae000 	C:\Program Files\Java\jdk-18.0.1.1\bin\instrument.dll
0x00007fff1a020000 - 0x00007fff1a045000 	C:\Program Files\Java\jdk-18.0.1.1\bin\java.dll

dbghelp: loaded successfully - version: 4.0.5 - missing functions: none
symbol engine: initialized successfully - sym options: 0x614 - pdb path: .;C:\Program Files\Java\jdk-18.0.1.1\bin;C:\Windows\SYSTEM32;C:\Windows\WinSxS\amd64_microsoft.windows.common-controls_6595b64144ccf1df_6.0.19041.1110_none_60b5254171f9507e;C:\Program Files\Java\jdk-18.0.1.1\bin\server

VM Arguments:
jvm_args: -XX:+ShowCodeDetailsInExceptionMessages -agentlib:jdwp=transport=dt_socket,suspend=y,address=localhost:50887 -javaagent:C:\Users\finaa\eclipse\jee-2022-06\eclipse\configuration\org.eclipse.osgi\407\0\.cp\lib\javaagent-shaded.jar -Dfile.encoding=UTF-8 
java_command: Classe.ValorNulo
java_class_path (initial): C:\Users\finaa\eclipse-workspace\exercicios\bin
Launcher Type: SUN_STANDARD

[Global flags]
     intx CICompilerCount                          = 3                                         {product} {ergonomic}
     uint ConcGCThreads                            = 1                                         {product} {ergonomic}
     uint G1ConcRefinementThreads                  = 4                                         {product} {ergonomic}
   size_t G1HeapRegionSize                         = 1048576                                   {product} {ergonomic}
    uintx GCDrainStackTargetSize                   = 64                                        {product} {ergonomic}
   size_t InitialHeapSize                          = 62914560                                  {product} {ergonomic}
   size_t MarkStackSize                            = 4194304                                   {product} {ergonomic}
   size_t MaxHeapSize                              = 1002438656                                {product} {ergonomic}
   size_t MinHeapDeltaBytes                        = 1048576                                   {product} {ergonomic}
   size_t MinHeapSize                              = 8388608                                   {product} {ergonomic}
    uintx NonNMethodCodeHeapSize                   = 5832780                                {pd product} {ergonomic}
    uintx NonProfiledCodeHeapSize                  = 122912730                              {pd product} {ergonomic}
    uintx ProfiledCodeHeapSize                     = 122912730                              {pd product} {ergonomic}
    uintx ReservedCodeCacheSize                    = 251658240                              {pd product} {ergonomic}
     bool SegmentedCodeCache                       = true                                      {product} {ergonomic}
     bool ShowCodeDetailsInExceptionMessages       = true                                   {manageable} {command line}
   size_t SoftMaxHeapSize                          = 1002438656                             {manageable} {ergonomic}
     bool UseCompressedClassPointers               = true                           {product lp64_product} {ergonomic}
     bool UseCompressedOops                        = true                           {product lp64_product} {ergonomic}
     bool UseG1GC                                  = true                                      {product} {ergonomic}
     bool UseLargePagesIndividualAllocation        = false                                  {pd product} {ergonomic}

Logging:
Log output configuration:
 #0: stdout all=warning uptime,level,tags foldmultilines=false
 #1: stderr all=off uptime,level,tags foldmultilines=false

Environment Variables:
PATH=C:/Program Files/Java/jdk-18.0.1.1/bin/server;C:/Program Files/Java/jdk-18.0.1.1/bin;C:\Program Files\Microsoft\jdk-11.0.12.7-hotspot\bin;C:\Program Files\Common Files\Oracle\Java\javapath;C:\Windows\system32;C:\Windows;C:\Windows\System32\Wbem;C:\Windows\System32\WindowsPowerShell\v1.0\;C:\Windows\System32\OpenSSH\;C:\Program Files\dotnet\;C:\Users\finaa\AppData\Local\Microsoft\WindowsApps;C:\Users\finaa\.dotnet\tools;C:\Users\finaa\OneDrive\Área de Trabalho;
USERNAME=finaa
OS=Windows_NT
PROCESSOR_IDENTIFIER=Intel64 Family 6 Model 140 Stepping 1, GenuineIntel



---------------  S Y S T E M  ---------------

OS:
 Windows 10 , 64 bit Build 19041 (10.0.19041.1889)
OS uptime: 0 days 3:18 hours

CPU: total 4 (initial active 4) (2 cores per cpu, 2 threads per core) family 6 model 140 stepping 1 microcode 0x8a, cx8, cmov, fxsr, ht, mmx, 3dnowpref, sse, sse2, sse3, ssse3, sse4.1, sse4.2, popcnt, lzcnt, tsc, tscinvbit, avx, avx2, aes, erms, clmul, bmi1, bmi2, adx, avx512f, avx512dq, avx512cd, avx512bw, avx512vl, sha, fma, vzeroupper, avx512_vpopcntdq, avx512_vpclmulqdq, avx512_vaes, avx512_vnni, clflush, clflushopt, clwb, avx512_vbmi2, avx512_vbmi

Memory: 4k page, system-wide physical 3819M (355M free)
TotalPageFile size 6819M (AvailPageFile size 4M)
current process WorkingSet (physical memory assigned to process): 10M, peak: 10M
current process commit charge ("private bytes"): 50M, peak: 51M

vm_info: Java HotSpot(TM) 64-Bit Server VM (18.0.1.1+2-6) for windows-amd64 JRE (18.0.1.1+2-6), built on Apr 25 2022 21:53:15 by "mach5one" with MS VC++ 16.8 / 16.9 (VS2019)

END.
